% number = 1
% seconds = 0

% Interpretation of size 3

*(0,0) = 0.
*(0,1) = 1.
*(0,2) = 2.
*(1,0) = 1.
*(1,1) = 2.
*(1,2) = 0.
*(2,0) = 2.
*(2,1) = 0.
*(2,2) = 1.

/(0,0) = 0.
/(0,1) = 2.
/(0,2) = 1.
/(1,0) = 1.
/(1,1) = 0.
/(1,2) = 2.
/(2,0) = 2.
/(2,1) = 1.
/(2,2) = 0.

\(0,0) = 0.
\(0,1) = 1.
\(0,2) = 2.
\(1,0) = 2.
\(1,1) = 0.
\(1,2) = 1.
\(2,0) = 1.
\(2,1) = 2.
\(2,2) = 0.
% number = 2
% seconds = 0

% Interpretation of size 3

*(0,0) = 0.
*(0,1) = 1.
*(0,2) = 2.
*(1,0) = 2.
*(1,1) = 0.
*(1,2) = 1.
*(2,0) = 1.
*(2,1) = 2.
*(2,2) = 0.

/(0,0) = 0.
/(0,1) = 1.
/(0,2) = 2.
/(1,0) = 2.
/(1,1) = 0.
/(1,2) = 1.
/(2,0) = 1.
/(2,1) = 2.
/(2,2) = 0.

\(0,0) = 0.
\(0,1) = 1.
\(0,2) = 2.
\(1,0) = 1.
\(1,1) = 2.
\(1,2) = 0.
\(2,0) = 2.
\(2,1) = 0.
\(2,2) = 1.
% number = 3
% seconds = 0

% Interpretation of size 3

*(0,0) = 0.
*(0,1) = 2.
*(0,2) = 1.
*(1,0) = 1.
*(1,1) = 0.
*(1,2) = 2.
*(2,0) = 2.
*(2,1) = 1.
*(2,2) = 0.

/(0,0) = 0.
/(0,1) = 1.
/(0,2) = 2.
/(1,0) = 1.
/(1,1) = 2.
/(1,2) = 0.
/(2,0) = 2.
/(2,1) = 0.
/(2,2) = 1.

\(0,0) = 0.
\(0,1) = 2.
\(0,2) = 1.
\(1,0) = 1.
\(1,1) = 0.
\(1,2) = 2.
\(2,0) = 2.
\(2,1) = 1.
\(2,2) = 0.